Determining if the pthread_create exist failed with the following output:
Change Dir: /home/neil/catkin_ws/build/CMakeFiles/CMakeTmp

Run Build Command:"/usr/bin/make" "cmTC_12be8/fast"
/usr/bin/make -f CMakeFiles/cmTC_12be8.dir/build.make CMakeFiles/cmTC_12be8.dir/build
make[1]: Entering directory '/home/neil/catkin_ws/build/CMakeFiles/CMakeTmp'
Building C object CMakeFiles/cmTC_12be8.dir/CheckSymbolExists.c.o
/usr/bin/cc    -o CMakeFiles/cmTC_12be8.dir/CheckSymbolExists.c.o   -c /home/neil/catkin_ws/build/CMakeFiles/CMakeTmp/CheckSymbolExists.c
Linking C executable cmTC_12be8
/usr/bin/cmake -E cmake_link_script CMakeFiles/cmTC_12be8.dir/link.txt --verbose=1
/usr/bin/cc      -rdynamic CMakeFiles/cmTC_12be8.dir/CheckSymbolExists.c.o  -o cmTC_12be8 
CMakeFiles/cmTC_12be8.dir/CheckSymbolExists.c.o: 於函式 main:
CheckSymbolExists.c:(.text+0x1b): 未定義參考到 pthread_create
collect2: error: ld returned 1 exit status
CMakeFiles/cmTC_12be8.dir/build.make:97: recipe for target 'cmTC_12be8' failed
make[1]: *** [cmTC_12be8] Error 1
make[1]: Leaving directory '/home/neil/catkin_ws/build/CMakeFiles/CMakeTmp'
Makefile:126: recipe for target 'cmTC_12be8/fast' failed
make: *** [cmTC_12be8/fast] Error 2

File /home/neil/catkin_ws/build/CMakeFiles/CMakeTmp/CheckSymbolExists.c:
/* */
#include <pthread.h>

int main(int argc, char** argv)
{
  (void)argv;
#ifndef pthread_create
  return ((int*)(&pthread_create))[argc];
#else
  (void)argc;
  return 0;
#endif
}

Determining if the function pthread_create exists in the pthreads failed with the following output:
Change Dir: /home/neil/catkin_ws/build/CMakeFiles/CMakeTmp

Run Build Command:"/usr/bin/make" "cmTC_209b2/fast"
/usr/bin/make -f CMakeFiles/cmTC_209b2.dir/build.make CMakeFiles/cmTC_209b2.dir/build
make[1]: Entering directory '/home/neil/catkin_ws/build/CMakeFiles/CMakeTmp'
Building C object CMakeFiles/cmTC_209b2.dir/CheckFunctionExists.c.o
/usr/bin/cc   -DCHECK_FUNCTION_EXISTS=pthread_create   -o CMakeFiles/cmTC_209b2.dir/CheckFunctionExists.c.o   -c /usr/share/cmake-3.10/Modules/CheckFunctionExists.c
Linking C executable cmTC_209b2
/usr/bin/cmake -E cmake_link_script CMakeFiles/cmTC_209b2.dir/link.txt --verbose=1
/usr/bin/cc  -DCHECK_FUNCTION_EXISTS=pthread_create    -rdynamic CMakeFiles/cmTC_209b2.dir/CheckFunctionExists.c.o  -o cmTC_209b2 -lpthreads 
/usr/bin/ld: 找不到 -lpthreads
collect2: error: ld returned 1 exit status
CMakeFiles/cmTC_209b2.dir/build.make:97: recipe for target 'cmTC_209b2' failed
make[1]: *** [cmTC_209b2] Error 1
make[1]: Leaving directory '/home/neil/catkin_ws/build/CMakeFiles/CMakeTmp'
Makefile:126: recipe for target 'cmTC_209b2/fast' failed
make: *** [cmTC_209b2/fast] Error 2


Performing C SOURCE FILE Test CMAKE_HAVE_LIBC_PTHREAD failed with the following output:
Change Dir: /home/neil/catkin_ws/build/CMakeFiles/CMakeTmp

Run Build Command(s):/usr/bin/make cmTC_7b838/fast && /usr/bin/make  -f CMakeFiles/cmTC_7b838.dir/build.make CMakeFiles/cmTC_7b838.dir/build
make[1]: Entering directory '/home/neil/catkin_ws/build/CMakeFiles/CMakeTmp'
Building C object CMakeFiles/cmTC_7b838.dir/src.c.o
/usr/bin/cc   -DCMAKE_HAVE_LIBC_PTHREAD -o CMakeFiles/cmTC_7b838.dir/src.c.o -c /home/neil/catkin_ws/build/CMakeFiles/CMakeTmp/src.c
Linking C executable cmTC_7b838
/usr/local/bin/cmake -E cmake_link_script CMakeFiles/cmTC_7b838.dir/link.txt --verbose=1
/usr/bin/cc  -DCMAKE_HAVE_LIBC_PTHREAD -rdynamic CMakeFiles/cmTC_7b838.dir/src.c.o -o cmTC_7b838 
CMakeFiles/cmTC_7b838.dir/src.c.o: 於函式 main:
src.c:(.text+0x3e): 未定義參考到 pthread_create
src.c:(.text+0x4a): 未定義參考到 pthread_detach
src.c:(.text+0x56): 未定義參考到 pthread_cancel
src.c:(.text+0x67): 未定義參考到 pthread_join
src.c:(.text+0x7b): 未定義參考到 pthread_atfork
collect2: error: ld returned 1 exit status
CMakeFiles/cmTC_7b838.dir/build.make:105: recipe for target 'cmTC_7b838' failed
make[1]: *** [cmTC_7b838] Error 1
make[1]: Leaving directory '/home/neil/catkin_ws/build/CMakeFiles/CMakeTmp'
Makefile:140: recipe for target 'cmTC_7b838/fast' failed
make: *** [cmTC_7b838/fast] Error 2


Source file was:
#include <pthread.h>

void* test_func(void* data)
{
  return data;
}

int main(void)
{
  pthread_t thread;
  pthread_create(&thread, NULL, test_func, NULL);
  pthread_detach(thread);
  pthread_cancel(thread);
  pthread_join(thread, NULL);
  pthread_atfork(NULL, NULL, NULL);
  pthread_exit(NULL);

  return 0;
}

